{"C:\\Users\\giova\\Documents\\test-full-stack-jr-wp\\server\\src\\application\\ConfirmPayment.ts": {"path":"C:\\Users\\giova\\Documents\\test-full-stack-jr-wp\\server\\src\\application\\ConfirmPayment.ts","statementMap":{"0":{"start":{"line":5,"column":0},"end":{"line":5,"column":51}},"1":{"start":{"line":6,"column":0},"end":{"line":6,"column":61}},"2":{"start":{"line":15,"column":21},"end":{"line":15,"column":48}},"3":{"start":{"line":16,"column":21},"end":{"line":16,"column":52}},"4":{"start":{"line":17,"column":21},"end":{"line":17,"column":52}},"5":{"start":{"line":22,"column":21},"end":{"line":22,"column":81}},"6":{"start":{"line":25,"column":16},"end":{"line":25,"column":81}},"7":{"start":{"line":26,"column":4},"end":{"line":28,"column":5}},"8":{"start":{"line":27,"column":6},"end":{"line":27,"column":71}},"9":{"start":{"line":29,"column":4},"end":{"line":29,"column":49}},"10":{"start":{"line":29,"column":16},"end":{"line":29,"column":49}},"11":{"start":{"line":32,"column":4},"end":{"line":34,"column":5}},"12":{"start":{"line":33,"column":6},"end":{"line":33,"column":53}},"13":{"start":{"line":38,"column":101},"end":{"line":44,"column":6}},"14":{"start":{"line":45,"column":22},"end":{"line":45,"column":74}},"15":{"start":{"line":48,"column":25},"end":{"line":48,"column":99}},"16":{"start":{"line":51,"column":4},"end":{"line":60,"column":5}},"17":{"start":{"line":52,"column":6},"end":{"line":58,"column":7}},"18":{"start":{"line":53,"column":8},"end":{"line":57,"column":9}},"19":{"start":{"line":54,"column":10},"end":{"line":54,"column":59}},"20":{"start":{"line":56,"column":10},"end":{"line":56,"column":78}},"21":{"start":{"line":59,"column":6},"end":{"line":59,"column":37}},"22":{"start":{"line":62,"column":4},"end":{"line":62,"column":65}},"23":{"start":{"line":13,"column":0},"end":{"line":13,"column":13}}},"fnMap":{"0":{"name":"(anonymous_0)","decl":{"start":{"line":14,"column":2},"end":{"line":14,"column":null}},"loc":{"start":{"line":17,"column":52},"end":{"line":18,"column":6}}},"1":{"name":"(anonymous_1)","decl":{"start":{"line":20,"column":2},"end":{"line":20,"column":7}},"loc":{"start":{"line":20,"column":42},"end":{"line":63,"column":3}}}},"branchMap":{"0":{"loc":{"start":{"line":26,"column":4},"end":{"line":28,"column":5}},"type":"if","locations":[{"start":{"line":26,"column":4},"end":{"line":28,"column":5}},{"start":{},"end":{}}]},"1":{"loc":{"start":{"line":26,"column":8},"end":{"line":26,"column":36}},"type":"binary-expr","locations":[{"start":{"line":26,"column":8},"end":{"line":26,"column":14}},{"start":{"line":26,"column":18},"end":{"line":26,"column":36}}]},"2":{"loc":{"start":{"line":29,"column":4},"end":{"line":29,"column":49}},"type":"if","locations":[{"start":{"line":29,"column":4},"end":{"line":29,"column":49}},{"start":{},"end":{}}]},"3":{"loc":{"start":{"line":32,"column":4},"end":{"line":34,"column":5}},"type":"if","locations":[{"start":{"line":32,"column":4},"end":{"line":34,"column":5}},{"start":{},"end":{}}]},"4":{"loc":{"start":{"line":45,"column":22},"end":{"line":45,"column":74}},"type":"binary-expr","locations":[{"start":{"line":45,"column":22},"end":{"line":45,"column":63}},{"start":{"line":45,"column":67},"end":{"line":45,"column":74}}]},"5":{"loc":{"start":{"line":51,"column":4},"end":{"line":60,"column":5}},"type":"if","locations":[{"start":{"line":51,"column":4},"end":{"line":60,"column":5}},{"start":{},"end":{}}]}},"s":{"0":2,"1":2,"2":11,"3":11,"4":11,"5":5,"6":5,"7":5,"8":1,"9":5,"10":1,"11":4,"12":1,"13":3,"14":3,"15":3,"16":3,"17":2,"18":3,"19":3,"20":0,"21":2,"22":3,"23":2},"f":{"0":11,"1":5},"b":{"0":[1,4],"1":[5,1],"2":[1,4],"3":[1,3],"4":[3,0],"5":[2,1]}}
,"C:\\Users\\giova\\Documents\\test-full-stack-jr-wp\\server\\src\\application\\CreateOrder.ts": {"path":"C:\\Users\\giova\\Documents\\test-full-stack-jr-wp\\server\\src\\application\\CreateOrder.ts","statementMap":{"0":{"start":{"line":7,"column":0},"end":{"line":7,"column":51}},"1":{"start":{"line":8,"column":0},"end":{"line":8,"column":41}},"2":{"start":{"line":9,"column":0},"end":{"line":9,"column":61}},"3":{"start":{"line":27,"column":21},"end":{"line":27,"column":46}},"4":{"start":{"line":28,"column":21},"end":{"line":28,"column":52}},"5":{"start":{"line":29,"column":21},"end":{"line":29,"column":48}},"6":{"start":{"line":30,"column":21},"end":{"line":30,"column":52}},"7":{"start":{"line":35,"column":17},"end":{"line":35,"column":46}},"8":{"start":{"line":36,"column":4},"end":{"line":36,"column":47}},"9":{"start":{"line":36,"column":15},"end":{"line":36,"column":47}},"10":{"start":{"line":39,"column":20},"end":{"line":39,"column":68}},"11":{"start":{"line":40,"column":4},"end":{"line":40,"column":53}},"12":{"start":{"line":40,"column":18},"end":{"line":40,"column":53}},"13":{"start":{"line":41,"column":4},"end":{"line":41,"column":75}},"14":{"start":{"line":41,"column":27},"end":{"line":41,"column":75}},"15":{"start":{"line":45,"column":6},"end":{"line":45,"column":70}},"16":{"start":{"line":48,"column":22},"end":{"line":48,"column":72}},"17":{"start":{"line":51,"column":18},"end":{"line":58,"column":6}},"18":{"start":{"line":61,"column":21},"end":{"line":84,"column":6}},"19":{"start":{"line":87,"column":25},"end":{"line":90,"column":null}},"20":{"start":{"line":94,"column":4},"end":{"line":97,"column":5}},"21":{"start":{"line":95,"column":6},"end":{"line":95,"column":56}},"22":{"start":{"line":96,"column":6},"end":{"line":96,"column":37}},"23":{"start":{"line":99,"column":4},"end":{"line":103,"column":6}},"24":{"start":{"line":25,"column":0},"end":{"line":25,"column":13}}},"fnMap":{"0":{"name":"(anonymous_0)","decl":{"start":{"line":26,"column":2},"end":{"line":26,"column":null}},"loc":{"start":{"line":30,"column":52},"end":{"line":31,"column":6}}},"1":{"name":"(anonymous_1)","decl":{"start":{"line":33,"column":2},"end":{"line":33,"column":7}},"loc":{"start":{"line":33,"column":39},"end":{"line":104,"column":3}}}},"branchMap":{"0":{"loc":{"start":{"line":36,"column":4},"end":{"line":36,"column":47}},"type":"if","locations":[{"start":{"line":36,"column":4},"end":{"line":36,"column":47}},{"start":{},"end":{}}]},"1":{"loc":{"start":{"line":40,"column":4},"end":{"line":40,"column":53}},"type":"if","locations":[{"start":{"line":40,"column":4},"end":{"line":40,"column":53}},{"start":{},"end":{}}]},"2":{"loc":{"start":{"line":41,"column":4},"end":{"line":41,"column":75}},"type":"if","locations":[{"start":{"line":41,"column":4},"end":{"line":41,"column":75}},{"start":{},"end":{}}]},"3":{"loc":{"start":{"line":67,"column":20},"end":{"line":67,"column":43}},"type":"binary-expr","locations":[{"start":{"line":67,"column":20},"end":{"line":67,"column":38}},{"start":{"line":67,"column":42},"end":{"line":67,"column":43}}]},"4":{"loc":{"start":{"line":89,"column":6},"end":{"line":89,"column":61}},"type":"cond-expr","locations":[{"start":{"line":89,"column":39},"end":{"line":89,"column":49}},{"start":{"line":89,"column":52},"end":{"line":89,"column":61}}]},"5":{"loc":{"start":{"line":94,"column":4},"end":{"line":97,"column":5}},"type":"if","locations":[{"start":{"line":94,"column":4},"end":{"line":97,"column":5}},{"start":{},"end":{}}]}},"s":{"0":2,"1":2,"2":2,"3":10,"4":10,"5":10,"6":10,"7":3,"8":3,"9":0,"10":3,"11":3,"12":0,"13":3,"14":1,"15":2,"16":2,"17":2,"18":2,"19":2,"20":2,"21":1,"22":1,"23":2,"24":2},"f":{"0":10,"1":3},"b":{"0":[0,3],"1":[0,3],"2":[1,2],"3":[2,0],"4":[1,1],"5":[1,1]}}
,"C:\\Users\\giova\\Documents\\test-full-stack-jr-wp\\server\\src\\application\\GenerateDataPayment.ts": {"path":"C:\\Users\\giova\\Documents\\test-full-stack-jr-wp\\server\\src\\application\\GenerateDataPayment.ts","statementMap":{"0":{"start":{"line":1,"column":0},"end":{"line":1,"column":28}},"1":{"start":{"line":6,"column":0},"end":{"line":6,"column":51}},"2":{"start":{"line":7,"column":0},"end":{"line":7,"column":41}},"3":{"start":{"line":65,"column":21},"end":{"line":65,"column":46}},"4":{"start":{"line":66,"column":21},"end":{"line":66,"column":52}},"5":{"start":{"line":67,"column":21},"end":{"line":67,"column":48}},"6":{"start":{"line":72,"column":17},"end":{"line":72,"column":46}},"7":{"start":{"line":73,"column":4},"end":{"line":73,"column":47}},"8":{"start":{"line":73,"column":15},"end":{"line":73,"column":47}},"9":{"start":{"line":76,"column":20},"end":{"line":76,"column":68}},"10":{"start":{"line":77,"column":4},"end":{"line":77,"column":53}},"11":{"start":{"line":77,"column":18},"end":{"line":77,"column":53}},"12":{"start":{"line":78,"column":4},"end":{"line":78,"column":79}},"13":{"start":{"line":78,"column":27},"end":{"line":78,"column":79}},"14":{"start":{"line":81,"column":29},"end":{"line":81,"column":93}},"15":{"start":{"line":84,"column":22},"end":{"line":84,"column":101}},"16":{"start":{"line":88,"column":28},"end":{"line":88,"column":53}},"17":{"start":{"line":89,"column":19},"end":{"line":89,"column":85}},"18":{"start":{"line":90,"column":20},"end":{"line":90,"column":76}},"19":{"start":{"line":93,"column":24},"end":{"line":93,"column":61}},"20":{"start":{"line":94,"column":21},"end":{"line":94,"column":52}},"21":{"start":{"line":95,"column":37},"end":{"line":101,"column":6}},"22":{"start":{"line":104,"column":18},"end":{"line":113,"column":6}},"23":{"start":{"line":115,"column":24},"end":{"line":115,"column":80}},"24":{"start":{"line":117,"column":44},"end":{"line":124,"column":6}},"25":{"start":{"line":126,"column":50},"end":{"line":133,"column":6}},"26":{"start":{"line":135,"column":4},"end":{"line":152,"column":6}},"27":{"start":{"line":63,"column":0},"end":{"line":63,"column":13}}},"fnMap":{"0":{"name":"(anonymous_1)","decl":{"start":{"line":64,"column":2},"end":{"line":64,"column":null}},"loc":{"start":{"line":67,"column":48},"end":{"line":68,"column":6}}},"1":{"name":"(anonymous_2)","decl":{"start":{"line":70,"column":2},"end":{"line":70,"column":7}},"loc":{"start":{"line":70,"column":47},"end":{"line":153,"column":3}}}},"branchMap":{"0":{"loc":{"start":{"line":73,"column":4},"end":{"line":73,"column":47}},"type":"if","locations":[{"start":{"line":73,"column":4},"end":{"line":73,"column":47}},{"start":{},"end":{}}]},"1":{"loc":{"start":{"line":77,"column":4},"end":{"line":77,"column":53}},"type":"if","locations":[{"start":{"line":77,"column":4},"end":{"line":77,"column":53}},{"start":{},"end":{}}]},"2":{"loc":{"start":{"line":78,"column":4},"end":{"line":78,"column":79}},"type":"if","locations":[{"start":{"line":78,"column":4},"end":{"line":78,"column":79}},{"start":{},"end":{}}]},"3":{"loc":{"start":{"line":94,"column":21},"end":{"line":94,"column":52}},"type":"binary-expr","locations":[{"start":{"line":94,"column":21},"end":{"line":94,"column":42}},{"start":{"line":94,"column":46},"end":{"line":94,"column":52}}]},"4":{"loc":{"start":{"line":96,"column":13},"end":{"line":96,"column":86}},"type":"binary-expr","locations":[{"start":{"line":96,"column":13},"end":{"line":96,"column":29}},{"start":{"line":96,"column":34},"end":{"line":96,"column":85}}]},"5":{"loc":{"start":{"line":96,"column":34},"end":{"line":96,"column":85}},"type":"cond-expr","locations":[{"start":{"line":96,"column":64},"end":{"line":96,"column":70}},{"start":{"line":96,"column":73},"end":{"line":96,"column":85}}]},"6":{"loc":{"start":{"line":115,"column":24},"end":{"line":115,"column":80}},"type":"binary-expr","locations":[{"start":{"line":115,"column":24},"end":{"line":115,"column":41}},{"start":{"line":115,"column":45},"end":{"line":115,"column":80}}]},"7":{"loc":{"start":{"line":119,"column":16},"end":{"line":119,"column":88}},"type":"binary-expr","locations":[{"start":{"line":119,"column":16},"end":{"line":119,"column":48}},{"start":{"line":119,"column":52},"end":{"line":119,"column":88}}]},"8":{"loc":{"start":{"line":120,"column":19},"end":{"line":120,"column":66}},"type":"binary-expr","locations":[{"start":{"line":120,"column":19},"end":{"line":120,"column":52}},{"start":{"line":120,"column":56},"end":{"line":120,"column":66}}]},"9":{"loc":{"start":{"line":129,"column":19},"end":{"line":129,"column":66}},"type":"binary-expr","locations":[{"start":{"line":129,"column":19},"end":{"line":129,"column":52}},{"start":{"line":129,"column":56},"end":{"line":129,"column":66}}]}},"s":{"0":2,"1":2,"2":2,"3":11,"4":11,"5":11,"6":5,"7":5,"8":1,"9":4,"10":4,"11":1,"12":3,"13":1,"14":2,"15":2,"16":2,"17":2,"18":2,"19":2,"20":2,"21":2,"22":2,"23":2,"24":2,"25":2,"26":2,"27":2},"f":{"0":11,"1":5},"b":{"0":[1,4],"1":[1,3],"2":[1,2],"3":[2,0],"4":[2,2],"5":[2,0],"6":[2,2],"7":[2,0],"8":[2,0],"9":[2,0]}}
,"C:\\Users\\giova\\Documents\\test-full-stack-jr-wp\\server\\src\\application\\GetCart.ts": {"path":"C:\\Users\\giova\\Documents\\test-full-stack-jr-wp\\server\\src\\application\\GetCart.ts","statementMap":{"0":{"start":{"line":4,"column":0},"end":{"line":4,"column":51}},"1":{"start":{"line":21,"column":21},"end":{"line":21,"column":46}},"2":{"start":{"line":22,"column":21},"end":{"line":22,"column":48}},"3":{"start":{"line":26,"column":17},"end":{"line":26,"column":46}},"4":{"start":{"line":27,"column":4},"end":{"line":27,"column":47}},"5":{"start":{"line":27,"column":15},"end":{"line":27,"column":47}},"6":{"start":{"line":29,"column":18},"end":{"line":29,"column":60}},"7":{"start":{"line":31,"column":4},"end":{"line":42,"column":6}},"8":{"start":{"line":19,"column":0},"end":{"line":19,"column":13}}},"fnMap":{"0":{"name":"(anonymous_0)","decl":{"start":{"line":20,"column":2},"end":{"line":20,"column":null}},"loc":{"start":{"line":22,"column":48},"end":{"line":23,"column":6}}},"1":{"name":"(anonymous_1)","decl":{"start":{"line":25,"column":2},"end":{"line":25,"column":7}},"loc":{"start":{"line":25,"column":15},"end":{"line":43,"column":3}}}},"branchMap":{"0":{"loc":{"start":{"line":27,"column":4},"end":{"line":27,"column":47}},"type":"if","locations":[{"start":{"line":27,"column":4},"end":{"line":27,"column":47}},{"start":{},"end":{}}]}},"s":{"0":2,"1":6,"2":6,"3":7,"4":7,"5":3,"6":4,"7":4,"8":2},"f":{"0":6,"1":7},"b":{"0":[3,4]}}
,"C:\\Users\\giova\\Documents\\test-full-stack-jr-wp\\server\\src\\application\\GetOrders.ts": {"path":"C:\\Users\\giova\\Documents\\test-full-stack-jr-wp\\server\\src\\application\\GetOrders.ts","statementMap":{"0":{"start":{"line":5,"column":31},"end":{"line":5,"column":58}},"1":{"start":{"line":8,"column":4},"end":{"line":8,"column":36}},"2":{"start":{"line":4,"column":0},"end":{"line":4,"column":13}}},"fnMap":{"0":{"name":"(anonymous_0)","decl":{"start":{"line":5,"column":2},"end":{"line":5,"column":31}},"loc":{"start":{"line":5,"column":58},"end":{"line":5,"column":62}}},"1":{"name":"(anonymous_1)","decl":{"start":{"line":7,"column":2},"end":{"line":7,"column":7}},"loc":{"start":{"line":7,"column":15},"end":{"line":9,"column":3}}}},"branchMap":{},"s":{"0":11,"1":2,"2":2},"f":{"0":11,"1":2},"b":{}}
,"C:\\Users\\giova\\Documents\\test-full-stack-jr-wp\\server\\src\\application\\GetPaymentConfig.ts": {"path":"C:\\Users\\giova\\Documents\\test-full-stack-jr-wp\\server\\src\\application\\GetPaymentConfig.ts","statementMap":{"0":{"start":{"line":4,"column":31},"end":{"line":4,"column":62}},"1":{"start":{"line":7,"column":4},"end":{"line":7,"column":43}},"2":{"start":{"line":3,"column":0},"end":{"line":3,"column":13}}},"fnMap":{"0":{"name":"(anonymous_0)","decl":{"start":{"line":4,"column":2},"end":{"line":4,"column":31}},"loc":{"start":{"line":4,"column":62},"end":{"line":4,"column":66}}},"1":{"name":"(anonymous_1)","decl":{"start":{"line":6,"column":2},"end":{"line":6,"column":9}},"loc":{"start":{"line":6,"column":9},"end":{"line":8,"column":3}}}},"branchMap":{},"s":{"0":7,"1":1,"2":1},"f":{"0":7,"1":1},"b":{}}
,"C:\\Users\\giova\\Documents\\test-full-stack-jr-wp\\server\\src\\application\\GetProductById.ts": {"path":"C:\\Users\\giova\\Documents\\test-full-stack-jr-wp\\server\\src\\application\\GetProductById.ts","statementMap":{"0":{"start":{"line":3,"column":0},"end":{"line":3,"column":51}},"1":{"start":{"line":6,"column":31},"end":{"line":6,"column":62}},"2":{"start":{"line":9,"column":20},"end":{"line":9,"column":55}},"3":{"start":{"line":10,"column":4},"end":{"line":10,"column":53}},"4":{"start":{"line":10,"column":18},"end":{"line":10,"column":53}},"5":{"start":{"line":11,"column":4},"end":{"line":11,"column":19}},"6":{"start":{"line":5,"column":0},"end":{"line":5,"column":13}}},"fnMap":{"0":{"name":"(anonymous_0)","decl":{"start":{"line":6,"column":2},"end":{"line":6,"column":31}},"loc":{"start":{"line":6,"column":62},"end":{"line":6,"column":66}}},"1":{"name":"(anonymous_1)","decl":{"start":{"line":8,"column":2},"end":{"line":8,"column":7}},"loc":{"start":{"line":8,"column":26},"end":{"line":12,"column":3}}}},"branchMap":{"0":{"loc":{"start":{"line":10,"column":4},"end":{"line":10,"column":53}},"type":"if","locations":[{"start":{"line":10,"column":4},"end":{"line":10,"column":53}},{"start":{},"end":{}}]}},"s":{"0":2,"1":8,"2":6,"3":5,"4":3,"5":2,"6":2},"f":{"0":8,"1":6},"b":{"0":[3,2]}}
,"C:\\Users\\giova\\Documents\\test-full-stack-jr-wp\\server\\src\\application\\GetProducts.ts": {"path":"C:\\Users\\giova\\Documents\\test-full-stack-jr-wp\\server\\src\\application\\GetProducts.ts","statementMap":{"0":{"start":{"line":3,"column":0},"end":{"line":3,"column":71}},"1":{"start":{"line":5,"column":18},"end":{"line":5,"column":32}},"2":{"start":{"line":6,"column":18},"end":{"line":6,"column":21}},"3":{"start":{"line":9,"column":31},"end":{"line":9,"column":62}},"4":{"start":{"line":12,"column":19},"end":{"line":12,"column":55}},"5":{"start":{"line":13,"column":4},"end":{"line":13,"column":30}},"6":{"start":{"line":13,"column":16},"end":{"line":13,"column":30}},"7":{"start":{"line":15,"column":21},"end":{"line":15,"column":53}},"8":{"start":{"line":16,"column":4},"end":{"line":16,"column":51}},"9":{"start":{"line":17,"column":4},"end":{"line":17,"column":20}},"10":{"start":{"line":8,"column":0},"end":{"line":8,"column":13}}},"fnMap":{"0":{"name":"(anonymous_0)","decl":{"start":{"line":9,"column":2},"end":{"line":9,"column":31}},"loc":{"start":{"line":9,"column":62},"end":{"line":9,"column":66}}},"1":{"name":"(anonymous_1)","decl":{"start":{"line":11,"column":2},"end":{"line":11,"column":7}},"loc":{"start":{"line":11,"column":15},"end":{"line":18,"column":3}}}},"branchMap":{"0":{"loc":{"start":{"line":13,"column":4},"end":{"line":13,"column":30}},"type":"if","locations":[{"start":{"line":13,"column":4},"end":{"line":13,"column":30}},{"start":{},"end":{}}]}},"s":{"0":2,"1":2,"2":2,"3":9,"4":7,"5":7,"6":1,"7":6,"8":4,"9":4,"10":2},"f":{"0":9,"1":7},"b":{"0":[1,6]}}
,"C:\\Users\\giova\\Documents\\test-full-stack-jr-wp\\server\\src\\application\\GetTransaction.ts": {"path":"C:\\Users\\giova\\Documents\\test-full-stack-jr-wp\\server\\src\\application\\GetTransaction.ts","statementMap":{"0":{"start":{"line":4,"column":0},"end":{"line":4,"column":51}},"1":{"start":{"line":14,"column":21},"end":{"line":14,"column":48}},"2":{"start":{"line":15,"column":21},"end":{"line":15,"column":52}},"3":{"start":{"line":19,"column":18},"end":{"line":19,"column":83}},"4":{"start":{"line":20,"column":4},"end":{"line":20,"column":49}},"5":{"start":{"line":20,"column":16},"end":{"line":20,"column":49}},"6":{"start":{"line":22,"column":21},"end":{"line":22,"column":81}},"7":{"start":{"line":24,"column":4},"end":{"line":28,"column":6}},"8":{"start":{"line":12,"column":0},"end":{"line":12,"column":13}}},"fnMap":{"0":{"name":"(anonymous_0)","decl":{"start":{"line":13,"column":2},"end":{"line":13,"column":null}},"loc":{"start":{"line":15,"column":52},"end":{"line":16,"column":6}}},"1":{"name":"(anonymous_1)","decl":{"start":{"line":18,"column":2},"end":{"line":18,"column":7}},"loc":{"start":{"line":18,"column":42},"end":{"line":29,"column":3}}}},"branchMap":{"0":{"loc":{"start":{"line":20,"column":4},"end":{"line":20,"column":49}},"type":"if","locations":[{"start":{"line":20,"column":4},"end":{"line":20,"column":49}},{"start":{},"end":{}}]}},"s":{"0":1,"1":7,"2":7,"3":2,"4":2,"5":1,"6":1,"7":1,"8":1},"f":{"0":7,"1":2},"b":{"0":[1,1]}}
,"C:\\Users\\giova\\Documents\\test-full-stack-jr-wp\\server\\src\\infrastructure\\cache\\RedisClient.ts": {"path":"C:\\Users\\giova\\Documents\\test-full-stack-jr-wp\\server\\src\\infrastructure\\cache\\RedisClient.ts","statementMap":{"0":{"start":{"line":6,"column":0},"end":{"line":6,"column":16}},"1":{"start":{"line":25,"column":0},"end":{"line":25,"column":7}},"2":{"start":{"line":37,"column":0},"end":{"line":37,"column":7}},"3":{"start":{"line":46,"column":0},"end":{"line":46,"column":7}},"4":{"start":{"line":55,"column":0},"end":{"line":55,"column":7}},"5":{"start":{"line":1,"column":0},"end":{"line":1,"column":28}},"6":{"start":{"line":2,"column":0},"end":{"line":2,"column":41}},"7":{"start":{"line":4,"column":32},"end":{"line":4,"column":36}},"8":{"start":{"line":7,"column":2},"end":{"line":21,"column":3}},"9":{"start":{"line":8,"column":4},"end":{"line":17,"column":7}},"10":{"start":{"line":14,"column":8},"end":{"line":14,"column":35}},"11":{"start":{"line":14,"column":23},"end":{"line":14,"column":35}},"12":{"start":{"line":15,"column":8},"end":{"line":15,"column":43}},"13":{"start":{"line":19,"column":4},"end":{"line":19,"column":83}},"14":{"start":{"line":19,"column":36},"end":{"line":19,"column":81}},"15":{"start":{"line":20,"column":4},"end":{"line":20,"column":103}},"16":{"start":{"line":20,"column":44},"end":{"line":20,"column":101}},"17":{"start":{"line":22,"column":2},"end":{"line":22,"column":21}},"18":{"start":{"line":26,"column":2},"end":{"line":34,"column":3}},"19":{"start":{"line":27,"column":19},"end":{"line":27,"column":35}},"20":{"start":{"line":28,"column":18},"end":{"line":28,"column":39}},"21":{"start":{"line":29,"column":4},"end":{"line":29,"column":28}},"22":{"start":{"line":29,"column":16},"end":{"line":29,"column":28}},"23":{"start":{"line":30,"column":4},"end":{"line":30,"column":34}},"24":{"start":{"line":32,"column":4},"end":{"line":32,"column":87}},"25":{"start":{"line":33,"column":4},"end":{"line":33,"column":16}},"26":{"start":{"line":38,"column":2},"end":{"line":43,"column":3}},"27":{"start":{"line":39,"column":19},"end":{"line":39,"column":35}},"28":{"start":{"line":40,"column":4},"end":{"line":40,"column":63}},"29":{"start":{"line":42,"column":4},"end":{"line":42,"column":86}},"30":{"start":{"line":47,"column":2},"end":{"line":52,"column":3}},"31":{"start":{"line":48,"column":19},"end":{"line":48,"column":35}},"32":{"start":{"line":49,"column":4},"end":{"line":49,"column":26}},"33":{"start":{"line":51,"column":4},"end":{"line":51,"column":86}},"34":{"start":{"line":56,"column":2},"end":{"line":64,"column":3}},"35":{"start":{"line":57,"column":4},"end":{"line":63,"column":5}},"36":{"start":{"line":58,"column":6},"end":{"line":58,"column":31}},"37":{"start":{"line":60,"column":6},"end":{"line":60,"column":31}},"38":{"start":{"line":62,"column":6},"end":{"line":62,"column":25}}},"fnMap":{"0":{"name":"getRedisClient","decl":{"start":{"line":6,"column":16},"end":{"line":6,"column":30}},"loc":{"start":{"line":6,"column":30},"end":{"line":23,"column":1}}},"1":{"name":"(anonymous_2)","decl":{"start":{"line":13,"column":21},"end":{"line":13,"column":22}},"loc":{"start":{"line":13,"column":39},"end":{"line":16,"column":7}}},"2":{"name":"(anonymous_3)","decl":{"start":{"line":19,"column":30},"end":{"line":19,"column":33}},"loc":{"start":{"line":19,"column":36},"end":{"line":19,"column":81}}},"3":{"name":"(anonymous_4)","decl":{"start":{"line":20,"column":28},"end":{"line":20,"column":29}},"loc":{"start":{"line":20,"column":44},"end":{"line":20,"column":101}}},"4":{"name":"cacheGet","decl":{"start":{"line":25,"column":22},"end":{"line":25,"column":30}},"loc":{"start":{"line":25,"column":45},"end":{"line":35,"column":1}}},"5":{"name":"cacheSet","decl":{"start":{"line":37,"column":22},"end":{"line":37,"column":30}},"loc":{"start":{"line":37,"column":76},"end":{"line":44,"column":1}}},"6":{"name":"cacheDel","decl":{"start":{"line":46,"column":22},"end":{"line":46,"column":30}},"loc":{"start":{"line":46,"column":42},"end":{"line":53,"column":1}}},"7":{"name":"closeRedisClient","decl":{"start":{"line":55,"column":22},"end":{"line":55,"column":38}},"loc":{"start":{"line":55,"column":38},"end":{"line":65,"column":1}}}},"branchMap":{"0":{"loc":{"start":{"line":7,"column":2},"end":{"line":21,"column":3}},"type":"if","locations":[{"start":{"line":7,"column":2},"end":{"line":21,"column":3}},{"start":{},"end":{}}]},"1":{"loc":{"start":{"line":14,"column":8},"end":{"line":14,"column":35}},"type":"if","locations":[{"start":{"line":14,"column":8},"end":{"line":14,"column":35}},{"start":{},"end":{}}]},"2":{"loc":{"start":{"line":29,"column":4},"end":{"line":29,"column":28}},"type":"if","locations":[{"start":{"line":29,"column":4},"end":{"line":29,"column":28}},{"start":{},"end":{}}]},"3":{"loc":{"start":{"line":37,"column":60},"end":{"line":37,"column":76}},"type":"default-arg","locations":[{"start":{"line":37,"column":73},"end":{"line":37,"column":76}}]},"4":{"loc":{"start":{"line":56,"column":2},"end":{"line":64,"column":3}},"type":"if","locations":[{"start":{"line":56,"column":2},"end":{"line":64,"column":3}},{"start":{},"end":{}}]}},"s":{"0":26,"1":26,"2":26,"3":26,"4":26,"5":26,"6":26,"7":26,"8":13,"9":12,"10":3,"11":1,"12":2,"13":12,"14":1,"15":12,"16":1,"17":13,"18":3,"19":3,"20":3,"21":2,"22":1,"23":1,"24":1,"25":1,"26":3,"27":3,"28":3,"29":1,"30":2,"31":2,"32":2,"33":1,"34":29,"35":12,"36":12,"37":1,"38":12},"f":{"0":13,"1":3,"2":1,"3":1,"4":3,"5":3,"6":2,"7":29},"b":{"0":[12,1],"1":[1,2],"2":[1,1],"3":[2],"4":[12,17]}}
,"C:\\Users\\giova\\Documents\\test-full-stack-jr-wp\\server\\src\\infrastructure\\payment\\WompiAdapter.ts": {"path":"C:\\Users\\giova\\Documents\\test-full-stack-jr-wp\\server\\src\\infrastructure\\payment\\WompiAdapter.ts","statementMap":{"0":{"start":{"line":1,"column":0},"end":{"line":1,"column":26}},"1":{"start":{"line":9,"column":0},"end":{"line":9,"column":41}},"2":{"start":{"line":10,"column":0},"end":{"line":10,"column":65}},"3":{"start":{"line":11,"column":0},"end":{"line":11,"column":51}},"4":{"start":{"line":20,"column":4},"end":{"line":20,"column":38}},"5":{"start":{"line":21,"column":4},"end":{"line":21,"column":44}},"6":{"start":{"line":22,"column":4},"end":{"line":22,"column":46}},"7":{"start":{"line":23,"column":4},"end":{"line":23,"column":50}},"8":{"start":{"line":27,"column":4},"end":{"line":32,"column":6}},"9":{"start":{"line":36,"column":4},"end":{"line":36,"column":89}},"10":{"start":{"line":40,"column":4},"end":{"line":63,"column":5}},"11":{"start":{"line":41,"column":23},"end":{"line":55,"column":null}},"12":{"start":{"line":57,"column":6},"end":{"line":57,"column":45}},"13":{"start":{"line":59,"column":20},"end":{"line":59,"column":104}},"14":{"start":{"line":60,"column":23},"end":{"line":60,"column":60}},"15":{"start":{"line":61,"column":21},"end":{"line":61,"column":85}},"16":{"start":{"line":62,"column":6},"end":{"line":62,"column":60}},"17":{"start":{"line":67,"column":4},"end":{"line":130,"column":5}},"18":{"start":{"line":68,"column":24},"end":{"line":71,"column":null}},"19":{"start":{"line":74,"column":23},"end":{"line":111,"column":null}},"20":{"start":{"line":114,"column":17},"end":{"line":114,"column":35}},"21":{"start":{"line":115,"column":6},"end":{"line":122,"column":8}},"22":{"start":{"line":124,"column":20},"end":{"line":124,"column":121}},"23":{"start":{"line":125,"column":6},"end":{"line":128,"column":7}},"24":{"start":{"line":126,"column":25},"end":{"line":126,"column":61}},"25":{"start":{"line":127,"column":8},"end":{"line":127,"column":84}},"26":{"start":{"line":129,"column":6},"end":{"line":129,"column":84}},"27":{"start":{"line":134,"column":4},"end":{"line":155,"column":5}},"28":{"start":{"line":135,"column":23},"end":{"line":139,"column":8}},"29":{"start":{"line":140,"column":17},"end":{"line":140,"column":35}},"30":{"start":{"line":141,"column":6},"end":{"line":148,"column":8}},"31":{"start":{"line":150,"column":20},"end":{"line":150,"column":61}},"32":{"start":{"line":151,"column":6},"end":{"line":153,"column":7}},"33":{"start":{"line":152,"column":8},"end":{"line":152,"column":47}},"34":{"start":{"line":154,"column":6},"end":{"line":154,"column":83}},"35":{"start":{"line":13,"column":0},"end":{"line":13,"column":13}}},"fnMap":{"0":{"name":"(anonymous_1)","decl":{"start":{"line":19,"column":2},"end":{"line":19,"column":null}},"loc":{"start":{"line":19,"column":2},"end":{"line":24,"column":3}}},"1":{"name":"(anonymous_2)","decl":{"start":{"line":26,"column":2},"end":{"line":26,"column":11}},"loc":{"start":{"line":26,"column":11},"end":{"line":33,"column":3}}},"2":{"name":"(anonymous_3)","decl":{"start":{"line":35,"column":2},"end":{"line":35,"column":28}},"loc":{"start":{"line":35,"column":87},"end":{"line":37,"column":3}}},"3":{"name":"(anonymous_4)","decl":{"start":{"line":39,"column":2},"end":{"line":39,"column":7}},"loc":{"start":{"line":39,"column":45},"end":{"line":64,"column":3}}},"4":{"name":"(anonymous_5)","decl":{"start":{"line":66,"column":2},"end":{"line":66,"column":7}},"loc":{"start":{"line":66,"column":55},"end":{"line":131,"column":3}}},"5":{"name":"(anonymous_6)","decl":{"start":{"line":133,"column":2},"end":{"line":133,"column":7}},"loc":{"start":{"line":133,"column":40},"end":{"line":156,"column":3}}}},"branchMap":{"0":{"loc":{"start":{"line":61,"column":21},"end":{"line":61,"column":85}},"type":"cond-expr","locations":[{"start":{"line":61,"column":32},"end":{"line":61,"column":56}},{"start":{"line":61,"column":59},"end":{"line":61,"column":85}}]},"1":{"loc":{"start":{"line":94,"column":28},"end":{"line":104,"column":23}},"type":"cond-expr","locations":[{"start":{"line":95,"column":14},"end":{"line":103,"column":null}},{"start":{"line":104,"column":14},"end":{"line":104,"column":23}}]},"2":{"loc":{"start":{"line":125,"column":6},"end":{"line":128,"column":7}},"type":"if","locations":[{"start":{"line":125,"column":6},"end":{"line":128,"column":7}},{"start":{},"end":{}}]},"3":{"loc":{"start":{"line":151,"column":6},"end":{"line":153,"column":7}},"type":"if","locations":[{"start":{"line":151,"column":6},"end":{"line":153,"column":7}},{"start":{},"end":{}}]}},"s":{"0":1,"1":1,"2":1,"3":1,"4":12,"5":12,"6":12,"7":12,"8":1,"9":5,"10":3,"11":3,"12":1,"13":2,"14":2,"15":2,"16":2,"17":4,"18":4,"19":4,"20":2,"21":2,"22":2,"23":2,"24":1,"25":1,"26":1,"27":3,"28":3,"29":1,"30":1,"31":2,"32":2,"33":1,"34":1,"35":1},"f":{"0":12,"1":1,"2":5,"3":3,"4":4,"5":3},"b":{"0":[1,1],"1":[3,1],"2":[1,1],"3":[1,1]}}
,"C:\\Users\\giova\\Documents\\test-full-stack-jr-wp\\server\\src\\interfaces\\http\\middleware\\errorHandler.ts": {"path":"C:\\Users\\giova\\Documents\\test-full-stack-jr-wp\\server\\src\\interfaces\\http\\middleware\\errorHandler.ts","statementMap":{"0":{"start":{"line":5,"column":0},"end":{"line":5,"column":16}},"1":{"start":{"line":2,"column":0},"end":{"line":2,"column":51}},"2":{"start":{"line":3,"column":0},"end":{"line":3,"column":31}},"3":{"start":{"line":11,"column":2},"end":{"line":20,"column":3}},"4":{"start":{"line":12,"column":4},"end":{"line":18,"column":7}},"5":{"start":{"line":19,"column":4},"end":{"line":19,"column":11}},"6":{"start":{"line":22,"column":2},"end":{"line":32,"column":3}},"7":{"start":{"line":23,"column":4},"end":{"line":30,"column":7}},"8":{"start":{"line":31,"column":4},"end":{"line":31,"column":11}},"9":{"start":{"line":35,"column":2},"end":{"line":35,"column":42}},"10":{"start":{"line":36,"column":2},"end":{"line":42,"column":5}}},"fnMap":{"0":{"name":"errorHandler","decl":{"start":{"line":5,"column":16},"end":{"line":5,"column":28}},"loc":{"start":{"line":9,"column":21},"end":{"line":43,"column":1}}}},"branchMap":{"0":{"loc":{"start":{"line":11,"column":2},"end":{"line":20,"column":3}},"type":"if","locations":[{"start":{"line":11,"column":2},"end":{"line":20,"column":3}},{"start":{},"end":{}}]},"1":{"loc":{"start":{"line":22,"column":2},"end":{"line":32,"column":3}},"type":"if","locations":[{"start":{"line":22,"column":2},"end":{"line":32,"column":3}},{"start":{},"end":{}}]}},"s":{"0":5,"1":5,"2":5,"3":10,"4":5,"5":5,"6":5,"7":3,"8":3,"9":2,"10":2},"f":{"0":10},"b":{"0":[5,5],"1":[3,2]}}
,"C:\\Users\\giova\\Documents\\test-full-stack-jr-wp\\server\\src\\interfaces\\http\\routes\\cart.routes.ts": {"path":"C:\\Users\\giova\\Documents\\test-full-stack-jr-wp\\server\\src\\interfaces\\http\\routes\\cart.routes.ts","statementMap":{"0":{"start":{"line":7,"column":0},"end":{"line":7,"column":16}},"1":{"start":{"line":1,"column":0},"end":{"line":1,"column":33}},"2":{"start":{"line":3,"column":0},"end":{"line":3,"column":47}},"3":{"start":{"line":11,"column":17},"end":{"line":11,"column":25}},"4":{"start":{"line":12,"column":18},"end":{"line":12,"column":50}},"5":{"start":{"line":15,"column":2},"end":{"line":22,"column":5}},"6":{"start":{"line":16,"column":4},"end":{"line":21,"column":5}},"7":{"start":{"line":17,"column":19},"end":{"line":17,"column":42}},"8":{"start":{"line":18,"column":6},"end":{"line":18,"column":46}},"9":{"start":{"line":20,"column":6},"end":{"line":20,"column":16}},"10":{"start":{"line":24,"column":2},"end":{"line":24,"column":16}}},"fnMap":{"0":{"name":"createCartRoutes","decl":{"start":{"line":7,"column":16},"end":{"line":7,"column":32}},"loc":{"start":{"line":9,"column":29},"end":{"line":25,"column":1}}},"1":{"name":"(anonymous_1)","decl":{"start":{"line":15,"column":18},"end":{"line":15,"column":23}},"loc":{"start":{"line":15,"column":77},"end":{"line":22,"column":3}}}},"branchMap":{},"s":{"0":1,"1":1,"2":1,"3":3,"4":3,"5":3,"6":3,"7":3,"8":2,"9":1,"10":3},"f":{"0":3,"1":3},"b":{}}
,"C:\\Users\\giova\\Documents\\test-full-stack-jr-wp\\server\\src\\interfaces\\http\\routes\\orders.routes.ts": {"path":"C:\\Users\\giova\\Documents\\test-full-stack-jr-wp\\server\\src\\interfaces\\http\\routes\\orders.routes.ts","statementMap":{"0":{"start":{"line":6,"column":0},"end":{"line":6,"column":16}},"1":{"start":{"line":1,"column":0},"end":{"line":1,"column":33}},"2":{"start":{"line":3,"column":0},"end":{"line":3,"column":51}},"3":{"start":{"line":7,"column":17},"end":{"line":7,"column":25}},"4":{"start":{"line":8,"column":20},"end":{"line":8,"column":44}},"5":{"start":{"line":11,"column":2},"end":{"line":18,"column":5}},"6":{"start":{"line":12,"column":4},"end":{"line":17,"column":5}},"7":{"start":{"line":13,"column":21},"end":{"line":13,"column":46}},"8":{"start":{"line":14,"column":6},"end":{"line":14,"column":48}},"9":{"start":{"line":16,"column":6},"end":{"line":16,"column":16}},"10":{"start":{"line":21,"column":2},"end":{"line":35,"column":5}},"11":{"start":{"line":22,"column":4},"end":{"line":34,"column":5}},"12":{"start":{"line":23,"column":20},"end":{"line":23,"column":59}},"13":{"start":{"line":24,"column":6},"end":{"line":30,"column":7}},"14":{"start":{"line":25,"column":8},"end":{"line":28,"column":11}},"15":{"start":{"line":29,"column":8},"end":{"line":29,"column":15}},"16":{"start":{"line":31,"column":6},"end":{"line":31,"column":47}},"17":{"start":{"line":33,"column":6},"end":{"line":33,"column":16}},"18":{"start":{"line":37,"column":2},"end":{"line":37,"column":16}}},"fnMap":{"0":{"name":"createOrderRoutes","decl":{"start":{"line":6,"column":16},"end":{"line":6,"column":33}},"loc":{"start":{"line":6,"column":61},"end":{"line":38,"column":1}}},"1":{"name":"(anonymous_1)","decl":{"start":{"line":11,"column":18},"end":{"line":11,"column":23}},"loc":{"start":{"line":11,"column":77},"end":{"line":18,"column":3}}},"2":{"name":"(anonymous_2)","decl":{"start":{"line":21,"column":21},"end":{"line":21,"column":26}},"loc":{"start":{"line":21,"column":79},"end":{"line":35,"column":3}}}},"branchMap":{"0":{"loc":{"start":{"line":24,"column":6},"end":{"line":30,"column":7}},"type":"if","locations":[{"start":{"line":24,"column":6},"end":{"line":30,"column":7}},{"start":{},"end":{}}]}},"s":{"0":1,"1":1,"2":1,"3":4,"4":4,"5":4,"6":2,"7":2,"8":2,"9":0,"10":4,"11":2,"12":2,"13":2,"14":1,"15":1,"16":1,"17":0,"18":4},"f":{"0":4,"1":2,"2":2},"b":{"0":[1,1]}}
,"C:\\Users\\giova\\Documents\\test-full-stack-jr-wp\\server\\src\\interfaces\\http\\routes\\payment.routes.ts": {"path":"C:\\Users\\giova\\Documents\\test-full-stack-jr-wp\\server\\src\\interfaces\\http\\routes\\payment.routes.ts","statementMap":{"0":{"start":{"line":56,"column":0},"end":{"line":56,"column":16}},"1":{"start":{"line":1,"column":0},"end":{"line":1,"column":33}},"2":{"start":{"line":3,"column":0},"end":{"line":3,"column":24}},"3":{"start":{"line":4,"column":0},"end":{"line":4,"column":65}},"4":{"start":{"line":5,"column":0},"end":{"line":5,"column":55}},"5":{"start":{"line":6,"column":0},"end":{"line":6,"column":61}},"6":{"start":{"line":7,"column":0},"end":{"line":7,"column":61}},"7":{"start":{"line":8,"column":0},"end":{"line":8,"column":71}},"8":{"start":{"line":9,"column":0},"end":{"line":9,"column":51}},"9":{"start":{"line":16,"column":27},"end":{"line":23,"column":2}},"10":{"start":{"line":25,"column":24},"end":{"line":32,"column":2}},"11":{"start":{"line":34,"column":26},"end":{"line":46,"column":2}},"12":{"start":{"line":48,"column":26},"end":{"line":54,"column":2}},"13":{"start":{"line":62,"column":17},"end":{"line":62,"column":25}},"14":{"start":{"line":64,"column":27},"end":{"line":64,"column":63}},"15":{"start":{"line":65,"column":22},"end":{"line":65,"column":87}},"16":{"start":{"line":66,"column":25},"end":{"line":66,"column":83}},"17":{"start":{"line":67,"column":25},"end":{"line":67,"column":70}},"18":{"start":{"line":68,"column":30},"end":{"line":68,"column":87}},"19":{"start":{"line":69,"column":20},"end":{"line":69,"column":44}},"20":{"start":{"line":72,"column":2},"end":{"line":79,"column":5}},"21":{"start":{"line":73,"column":4},"end":{"line":78,"column":5}},"22":{"start":{"line":74,"column":21},"end":{"line":74,"column":47}},"23":{"start":{"line":75,"column":6},"end":{"line":75,"column":48}},"24":{"start":{"line":77,"column":6},"end":{"line":77,"column":16}},"25":{"start":{"line":82,"column":2},"end":{"line":90,"column":5}},"26":{"start":{"line":83,"column":4},"end":{"line":89,"column":5}},"27":{"start":{"line":84,"column":19},"end":{"line":84,"column":52}},"28":{"start":{"line":85,"column":21},"end":{"line":85,"column":60}},"29":{"start":{"line":86,"column":6},"end":{"line":86,"column":60}},"30":{"start":{"line":88,"column":6},"end":{"line":88,"column":16}},"31":{"start":{"line":93,"column":2},"end":{"line":100,"column":5}},"32":{"start":{"line":94,"column":4},"end":{"line":99,"column":5}},"33":{"start":{"line":95,"column":21},"end":{"line":95,"column":46}},"34":{"start":{"line":96,"column":6},"end":{"line":96,"column":48}},"35":{"start":{"line":98,"column":6},"end":{"line":98,"column":16}},"36":{"start":{"line":103,"column":2},"end":{"line":111,"column":5}},"37":{"start":{"line":104,"column":4},"end":{"line":110,"column":5}},"38":{"start":{"line":105,"column":19},"end":{"line":105,"column":52}},"39":{"start":{"line":106,"column":21},"end":{"line":106,"column":52}},"40":{"start":{"line":107,"column":6},"end":{"line":107,"column":60}},"41":{"start":{"line":109,"column":6},"end":{"line":109,"column":16}},"42":{"start":{"line":114,"column":2},"end":{"line":124,"column":5}},"43":{"start":{"line":115,"column":4},"end":{"line":123,"column":5}},"44":{"start":{"line":116,"column":37},"end":{"line":118,"column":24}},"45":{"start":{"line":119,"column":21},"end":{"line":119,"column":69}},"46":{"start":{"line":120,"column":6},"end":{"line":120,"column":48}},"47":{"start":{"line":122,"column":6},"end":{"line":122,"column":16}},"48":{"start":{"line":127,"column":2},"end":{"line":134,"column":5}},"49":{"start":{"line":128,"column":4},"end":{"line":133,"column":5}},"50":{"start":{"line":129,"column":21},"end":{"line":129,"column":79}},"51":{"start":{"line":130,"column":6},"end":{"line":130,"column":48}},"52":{"start":{"line":132,"column":6},"end":{"line":132,"column":16}},"53":{"start":{"line":136,"column":2},"end":{"line":136,"column":16}}},"fnMap":{"0":{"name":"createPaymentRoutes","decl":{"start":{"line":56,"column":16},"end":{"line":56,"column":35}},"loc":{"start":{"line":60,"column":33},"end":{"line":137,"column":1}}},"1":{"name":"(anonymous_1)","decl":{"start":{"line":72,"column":24},"end":{"line":72,"column":25}},"loc":{"start":{"line":72,"column":77},"end":{"line":79,"column":3}}},"2":{"name":"(anonymous_2)","decl":{"start":{"line":82,"column":30},"end":{"line":82,"column":35}},"loc":{"start":{"line":82,"column":88},"end":{"line":90,"column":3}}},"3":{"name":"(anonymous_3)","decl":{"start":{"line":93,"column":24},"end":{"line":93,"column":29}},"loc":{"start":{"line":93,"column":83},"end":{"line":100,"column":3}}},"4":{"name":"(anonymous_4)","decl":{"start":{"line":103,"column":31},"end":{"line":103,"column":36}},"loc":{"start":{"line":103,"column":89},"end":{"line":111,"column":3}}},"5":{"name":"(anonymous_5)","decl":{"start":{"line":114,"column":26},"end":{"line":114,"column":31}},"loc":{"start":{"line":114,"column":84},"end":{"line":124,"column":3}}},"6":{"name":"(anonymous_6)","decl":{"start":{"line":127,"column":40},"end":{"line":127,"column":45}},"loc":{"start":{"line":127,"column":98},"end":{"line":134,"column":3}}}},"branchMap":{},"s":{"0":1,"1":1,"2":1,"3":1,"4":1,"5":1,"6":1,"7":1,"8":1,"9":1,"10":1,"11":1,"12":1,"13":7,"14":7,"15":7,"16":7,"17":7,"18":7,"19":7,"20":7,"21":1,"22":1,"23":1,"24":0,"25":7,"26":2,"27":2,"28":1,"29":1,"30":1,"31":7,"32":0,"33":0,"34":0,"35":0,"36":7,"37":0,"38":0,"39":0,"40":0,"41":0,"42":7,"43":2,"44":2,"45":1,"46":1,"47":1,"48":7,"49":2,"50":2,"51":1,"52":1,"53":7},"f":{"0":7,"1":1,"2":2,"3":0,"4":0,"5":2,"6":2},"b":{}}
,"C:\\Users\\giova\\Documents\\test-full-stack-jr-wp\\server\\src\\interfaces\\http\\routes\\products.routes.ts": {"path":"C:\\Users\\giova\\Documents\\test-full-stack-jr-wp\\server\\src\\interfaces\\http\\routes\\products.routes.ts","statementMap":{"0":{"start":{"line":7,"column":0},"end":{"line":7,"column":16}},"1":{"start":{"line":1,"column":0},"end":{"line":1,"column":33}},"2":{"start":{"line":3,"column":0},"end":{"line":3,"column":55}},"3":{"start":{"line":4,"column":0},"end":{"line":4,"column":61}},"4":{"start":{"line":8,"column":17},"end":{"line":8,"column":25}},"5":{"start":{"line":9,"column":22},"end":{"line":9,"column":50}},"6":{"start":{"line":10,"column":25},"end":{"line":10,"column":56}},"7":{"start":{"line":13,"column":2},"end":{"line":20,"column":5}},"8":{"start":{"line":14,"column":4},"end":{"line":19,"column":5}},"9":{"start":{"line":15,"column":23},"end":{"line":15,"column":50}},"10":{"start":{"line":16,"column":6},"end":{"line":16,"column":50}},"11":{"start":{"line":18,"column":6},"end":{"line":18,"column":16}},"12":{"start":{"line":23,"column":2},"end":{"line":30,"column":5}},"13":{"start":{"line":24,"column":4},"end":{"line":29,"column":5}},"14":{"start":{"line":25,"column":22},"end":{"line":25,"column":73}},"15":{"start":{"line":26,"column":6},"end":{"line":26,"column":49}},"16":{"start":{"line":28,"column":6},"end":{"line":28,"column":16}},"17":{"start":{"line":32,"column":2},"end":{"line":32,"column":16}}},"fnMap":{"0":{"name":"createProductRoutes","decl":{"start":{"line":7,"column":16},"end":{"line":7,"column":35}},"loc":{"start":{"line":7,"column":67},"end":{"line":33,"column":1}}},"1":{"name":"(anonymous_1)","decl":{"start":{"line":13,"column":18},"end":{"line":13,"column":23}},"loc":{"start":{"line":13,"column":77},"end":{"line":20,"column":3}}},"2":{"name":"(anonymous_2)","decl":{"start":{"line":23,"column":21},"end":{"line":23,"column":26}},"loc":{"start":{"line":23,"column":79},"end":{"line":30,"column":3}}}},"branchMap":{},"s":{"0":1,"1":1,"2":1,"3":1,"4":5,"5":5,"6":5,"7":5,"8":3,"9":3,"10":2,"11":1,"12":5,"13":2,"14":2,"15":1,"16":1,"17":5},"f":{"0":5,"1":3,"2":2},"b":{}}
,"C:\\Users\\giova\\Documents\\test-full-stack-jr-wp\\server\\src\\shared\\config\\env.ts": {"path":"C:\\Users\\giova\\Documents\\test-full-stack-jr-wp\\server\\src\\shared\\config\\env.ts","statementMap":{"0":{"start":{"line":1,"column":0},"end":{"line":1,"column":23}},"1":{"start":{"line":2,"column":0},"end":{"line":2,"column":24}},"2":{"start":{"line":4,"column":18},"end":{"line":28,"column":2}},"3":{"start":{"line":30,"column":13},"end":{"line":30,"column":45}},"4":{"start":{"line":32,"column":0},"end":{"line":35,"column":1}},"5":{"start":{"line":33,"column":2},"end":{"line":33,"column":73}},"6":{"start":{"line":34,"column":2},"end":{"line":34,"column":18}},"7":{"start":{"line":37,"column":13},"end":{"line":37,"column":29}}},"fnMap":{},"branchMap":{"0":{"loc":{"start":{"line":32,"column":0},"end":{"line":35,"column":1}},"type":"if","locations":[{"start":{"line":32,"column":0},"end":{"line":35,"column":1}},{"start":{},"end":{}}]}},"s":{"0":26,"1":26,"2":26,"3":26,"4":26,"5":0,"6":0,"7":26},"f":{},"b":{"0":[0,26]}}
,"C:\\Users\\giova\\Documents\\test-full-stack-jr-wp\\server\\src\\shared\\errors\\AppError.ts": {"path":"C:\\Users\\giova\\Documents\\test-full-stack-jr-wp\\server\\src\\shared\\errors\\AppError.ts","statementMap":{"0":{"start":{"line":6,"column":4},"end":{"line":6,"column":19}},"1":{"start":{"line":7,"column":4},"end":{"line":7,"column":27}},"2":{"start":{"line":8,"column":4},"end":{"line":8,"column":33}},"3":{"start":{"line":9,"column":4},"end":{"line":9,"column":39}},"4":{"start":{"line":10,"column":4},"end":{"line":10,"column":52}},"5":{"start":{"line":14,"column":4},"end":{"line":14,"column":54}},"6":{"start":{"line":18,"column":4},"end":{"line":18,"column":38}},"7":{"start":{"line":22,"column":4},"end":{"line":22,"column":38}},"8":{"start":{"line":26,"column":4},"end":{"line":26,"column":45}},"9":{"start":{"line":30,"column":4},"end":{"line":30,"column":45}},"10":{"start":{"line":1,"column":0},"end":{"line":1,"column":13}}},"fnMap":{"0":{"name":"(anonymous_0)","decl":{"start":{"line":5,"column":2},"end":{"line":5,"column":14}},"loc":{"start":{"line":5,"column":69},"end":{"line":11,"column":3}}},"1":{"name":"(anonymous_1)","decl":{"start":{"line":13,"column":2},"end":{"line":13,"column":8}},"loc":{"start":{"line":13,"column":34},"end":{"line":15,"column":3}}},"2":{"name":"(anonymous_2)","decl":{"start":{"line":17,"column":2},"end":{"line":17,"column":8}},"loc":{"start":{"line":17,"column":35},"end":{"line":19,"column":3}}},"3":{"name":"(anonymous_3)","decl":{"start":{"line":21,"column":2},"end":{"line":21,"column":8}},"loc":{"start":{"line":21,"column":33},"end":{"line":23,"column":3}}},"4":{"name":"(anonymous_4)","decl":{"start":{"line":25,"column":2},"end":{"line":25,"column":8}},"loc":{"start":{"line":25,"column":21},"end":{"line":27,"column":3}}},"5":{"name":"(anonymous_5)","decl":{"start":{"line":29,"column":2},"end":{"line":29,"column":8}},"loc":{"start":{"line":29,"column":51},"end":{"line":31,"column":3}}}},"branchMap":{"0":{"loc":{"start":{"line":5,"column":31},"end":{"line":5,"column":47}},"type":"default-arg","locations":[{"start":{"line":5,"column":44},"end":{"line":5,"column":47}}]},"1":{"loc":{"start":{"line":5,"column":49},"end":{"line":5,"column":69}},"type":"default-arg","locations":[{"start":{"line":5,"column":65},"end":{"line":5,"column":69}}]},"2":{"loc":{"start":{"line":29,"column":18},"end":{"line":29,"column":51}},"type":"default-arg","locations":[{"start":{"line":29,"column":28},"end":{"line":29,"column":51}}]}},"s":{"0":20,"1":20,"2":20,"3":20,"4":20,"5":12,"6":4,"7":2,"8":0,"9":2,"10":11},"f":{"0":20,"1":12,"2":4,"3":2,"4":0,"5":2},"b":{"0":[0],"1":[18],"2":[0]}}
,"C:\\Users\\giova\\Documents\\test-full-stack-jr-wp\\server\\src\\shared\\utils\\integrity.ts": {"path":"C:\\Users\\giova\\Documents\\test-full-stack-jr-wp\\server\\src\\shared\\utils\\integrity.ts","statementMap":{"0":{"start":{"line":7,"column":0},"end":{"line":7,"column":16}},"1":{"start":{"line":1,"column":0},"end":{"line":1,"column":36}},"2":{"start":{"line":13,"column":15},"end":{"line":13,"column":71}},"3":{"start":{"line":14,"column":2},"end":{"line":14,"column":57}}},"fnMap":{"0":{"name":"generateWompiSignature","decl":{"start":{"line":7,"column":16},"end":{"line":7,"column":38}},"loc":{"start":{"line":11,"column":22},"end":{"line":15,"column":1}}}},"branchMap":{},"s":{"0":1,"1":1,"2":5,"3":5},"f":{"0":5},"b":{}}
}
