TN:
SF:src\application\ConfirmPayment.ts
FN:14,(anonymous_0)
FN:20,(anonymous_1)
FNF:2
FNH:2
FNDA:11,(anonymous_0)
FNDA:5,(anonymous_1)
DA:5,2
DA:6,2
DA:13,2
DA:15,11
DA:16,11
DA:17,11
DA:22,5
DA:25,5
DA:26,5
DA:27,1
DA:29,5
DA:32,4
DA:33,1
DA:38,3
DA:45,3
DA:48,3
DA:51,3
DA:52,2
DA:53,3
DA:54,3
DA:56,0
DA:59,2
DA:62,3
LF:23
LH:22
BRDA:26,0,0,1
BRDA:26,0,1,4
BRDA:26,1,0,5
BRDA:26,1,1,1
BRDA:29,2,0,1
BRDA:29,2,1,4
BRDA:32,3,0,1
BRDA:32,3,1,3
BRDA:45,4,0,3
BRDA:45,4,1,0
BRDA:51,5,0,2
BRDA:51,5,1,1
BRF:12
BRH:11
end_of_record
TN:
SF:src\application\CreateOrder.ts
FN:26,(anonymous_0)
FN:33,(anonymous_1)
FNF:2
FNH:2
FNDA:10,(anonymous_0)
FNDA:3,(anonymous_1)
DA:7,2
DA:8,2
DA:9,2
DA:25,2
DA:27,10
DA:28,10
DA:29,10
DA:30,10
DA:35,3
DA:36,3
DA:39,3
DA:40,3
DA:41,3
DA:45,2
DA:48,2
DA:51,2
DA:61,2
DA:87,2
DA:94,2
DA:95,1
DA:96,1
DA:99,2
LF:22
LH:22
BRDA:36,0,0,0
BRDA:36,0,1,3
BRDA:40,1,0,0
BRDA:40,1,1,3
BRDA:41,2,0,1
BRDA:41,2,1,2
BRDA:67,3,0,2
BRDA:67,3,1,0
BRDA:89,4,0,1
BRDA:89,4,1,1
BRDA:94,5,0,1
BRDA:94,5,1,1
BRF:12
BRH:9
end_of_record
TN:
SF:src\application\GenerateDataPayment.ts
FN:64,(anonymous_1)
FN:70,(anonymous_2)
FNF:2
FNH:2
FNDA:11,(anonymous_1)
FNDA:5,(anonymous_2)
DA:1,2
DA:6,2
DA:7,2
DA:63,2
DA:65,11
DA:66,11
DA:67,11
DA:72,5
DA:73,5
DA:76,4
DA:77,4
DA:78,3
DA:81,2
DA:84,2
DA:88,2
DA:89,2
DA:90,2
DA:93,2
DA:94,2
DA:95,2
DA:104,2
DA:115,2
DA:117,2
DA:126,2
DA:135,2
LF:25
LH:25
BRDA:73,0,0,1
BRDA:73,0,1,4
BRDA:77,1,0,1
BRDA:77,1,1,3
BRDA:78,2,0,1
BRDA:78,2,1,2
BRDA:94,3,0,2
BRDA:94,3,1,0
BRDA:96,4,0,2
BRDA:96,4,1,2
BRDA:96,5,0,2
BRDA:96,5,1,0
BRDA:115,6,0,2
BRDA:115,6,1,2
BRDA:119,7,0,2
BRDA:119,7,1,0
BRDA:120,8,0,2
BRDA:120,8,1,0
BRDA:129,9,0,2
BRDA:129,9,1,0
BRF:20
BRH:15
end_of_record
TN:
SF:src\application\GetCart.ts
FN:20,(anonymous_0)
FN:25,(anonymous_1)
FNF:2
FNH:2
FNDA:6,(anonymous_0)
FNDA:7,(anonymous_1)
DA:4,2
DA:19,2
DA:21,6
DA:22,6
DA:26,7
DA:27,7
DA:29,4
DA:31,4
LF:8
LH:8
BRDA:27,0,0,3
BRDA:27,0,1,4
BRF:2
BRH:2
end_of_record
TN:
SF:src\application\GetOrders.ts
FN:5,(anonymous_0)
FN:7,(anonymous_1)
FNF:2
FNH:2
FNDA:11,(anonymous_0)
FNDA:2,(anonymous_1)
DA:4,2
DA:5,11
DA:8,2
LF:3
LH:3
BRF:0
BRH:0
end_of_record
TN:
SF:src\application\GetPaymentConfig.ts
FN:4,(anonymous_0)
FN:6,(anonymous_1)
FNF:2
FNH:2
FNDA:7,(anonymous_0)
FNDA:1,(anonymous_1)
DA:3,1
DA:4,7
DA:7,1
LF:3
LH:3
BRF:0
BRH:0
end_of_record
TN:
SF:src\application\GetProductById.ts
FN:6,(anonymous_0)
FN:8,(anonymous_1)
FNF:2
FNH:2
FNDA:8,(anonymous_0)
FNDA:6,(anonymous_1)
DA:3,2
DA:5,2
DA:6,8
DA:9,6
DA:10,5
DA:11,2
LF:6
LH:6
BRDA:10,0,0,3
BRDA:10,0,1,2
BRF:2
BRH:2
end_of_record
TN:
SF:src\application\GetProducts.ts
FN:9,(anonymous_0)
FN:11,(anonymous_1)
FNF:2
FNH:2
FNDA:9,(anonymous_0)
FNDA:7,(anonymous_1)
DA:3,2
DA:5,2
DA:6,2
DA:8,2
DA:9,9
DA:12,7
DA:13,7
DA:15,6
DA:16,4
DA:17,4
LF:10
LH:10
BRDA:13,0,0,1
BRDA:13,0,1,6
BRF:2
BRH:2
end_of_record
TN:
SF:src\application\GetTransaction.ts
FN:13,(anonymous_0)
FN:18,(anonymous_1)
FNF:2
FNH:2
FNDA:7,(anonymous_0)
FNDA:2,(anonymous_1)
DA:4,1
DA:12,1
DA:14,7
DA:15,7
DA:19,2
DA:20,2
DA:22,1
DA:24,1
LF:8
LH:8
BRDA:20,0,0,1
BRDA:20,0,1,1
BRF:2
BRH:2
end_of_record
TN:
SF:src\infrastructure\cache\RedisClient.ts
FN:6,getRedisClient
FN:13,(anonymous_2)
FN:19,(anonymous_3)
FN:20,(anonymous_4)
FN:25,cacheGet
FN:37,cacheSet
FN:46,cacheDel
FN:55,closeRedisClient
FNF:8
FNH:8
FNDA:13,getRedisClient
FNDA:3,(anonymous_2)
FNDA:1,(anonymous_3)
FNDA:1,(anonymous_4)
FNDA:3,cacheGet
FNDA:3,cacheSet
FNDA:2,cacheDel
FNDA:29,closeRedisClient
DA:1,26
DA:2,26
DA:4,26
DA:6,26
DA:7,13
DA:8,12
DA:14,3
DA:15,2
DA:19,12
DA:20,12
DA:22,13
DA:25,26
DA:26,3
DA:27,3
DA:28,3
DA:29,2
DA:30,1
DA:32,1
DA:33,1
DA:37,26
DA:38,3
DA:39,3
DA:40,3
DA:42,1
DA:46,26
DA:47,2
DA:48,2
DA:49,2
DA:51,1
DA:55,26
DA:56,29
DA:57,12
DA:58,12
DA:60,1
DA:62,12
LF:35
LH:35
BRDA:7,0,0,12
BRDA:7,0,1,1
BRDA:14,1,0,1
BRDA:14,1,1,2
BRDA:29,2,0,1
BRDA:29,2,1,1
BRDA:37,3,0,2
BRDA:56,4,0,12
BRDA:56,4,1,17
BRF:9
BRH:9
end_of_record
TN:
SF:src\infrastructure\payment\WompiAdapter.ts
FN:19,(anonymous_1)
FN:26,(anonymous_2)
FN:35,(anonymous_3)
FN:39,(anonymous_4)
FN:66,(anonymous_5)
FN:133,(anonymous_6)
FNF:6
FNH:6
FNDA:12,(anonymous_1)
FNDA:1,(anonymous_2)
FNDA:5,(anonymous_3)
FNDA:3,(anonymous_4)
FNDA:4,(anonymous_5)
FNDA:3,(anonymous_6)
DA:1,1
DA:9,1
DA:10,1
DA:11,1
DA:13,1
DA:20,12
DA:21,12
DA:22,12
DA:23,12
DA:27,1
DA:36,5
DA:40,3
DA:41,3
DA:57,1
DA:59,2
DA:60,2
DA:61,2
DA:62,2
DA:67,4
DA:68,4
DA:74,4
DA:114,2
DA:115,2
DA:124,2
DA:125,2
DA:126,1
DA:127,1
DA:129,1
DA:134,3
DA:135,3
DA:140,1
DA:141,1
DA:150,2
DA:151,2
DA:152,1
DA:154,1
LF:36
LH:36
BRDA:61,0,0,1
BRDA:61,0,1,1
BRDA:94,1,0,3
BRDA:94,1,1,1
BRDA:125,2,0,1
BRDA:125,2,1,1
BRDA:151,3,0,1
BRDA:151,3,1,1
BRF:8
BRH:8
end_of_record
TN:
SF:src\interfaces\http\middleware\errorHandler.ts
FN:5,errorHandler
FNF:1
FNH:1
FNDA:10,errorHandler
DA:2,5
DA:3,5
DA:5,5
DA:11,10
DA:12,5
DA:19,5
DA:22,5
DA:23,3
DA:31,3
DA:35,2
DA:36,2
LF:11
LH:11
BRDA:11,0,0,5
BRDA:11,0,1,5
BRDA:22,1,0,3
BRDA:22,1,1,2
BRF:4
BRH:4
end_of_record
TN:
SF:src\interfaces\http\routes\cart.routes.ts
FN:7,createCartRoutes
FN:15,(anonymous_1)
FNF:2
FNH:2
FNDA:3,createCartRoutes
FNDA:3,(anonymous_1)
DA:1,1
DA:3,1
DA:7,1
DA:11,3
DA:12,3
DA:15,3
DA:16,3
DA:17,3
DA:18,2
DA:20,1
DA:24,3
LF:11
LH:11
BRF:0
BRH:0
end_of_record
TN:
SF:src\interfaces\http\routes\orders.routes.ts
FN:6,createOrderRoutes
FN:11,(anonymous_1)
FN:21,(anonymous_2)
FNF:3
FNH:3
FNDA:4,createOrderRoutes
FNDA:2,(anonymous_1)
FNDA:2,(anonymous_2)
DA:1,1
DA:3,1
DA:6,1
DA:7,4
DA:8,4
DA:11,4
DA:12,2
DA:13,2
DA:14,2
DA:16,0
DA:21,4
DA:22,2
DA:23,2
DA:24,2
DA:25,1
DA:29,1
DA:31,1
DA:33,0
DA:37,4
LF:19
LH:17
BRDA:24,0,0,1
BRDA:24,0,1,1
BRF:2
BRH:2
end_of_record
TN:
SF:src\interfaces\http\routes\payment.routes.ts
FN:56,createPaymentRoutes
FN:72,(anonymous_1)
FN:82,(anonymous_2)
FN:93,(anonymous_3)
FN:103,(anonymous_4)
FN:114,(anonymous_5)
FN:127,(anonymous_6)
FNF:7
FNH:5
FNDA:7,createPaymentRoutes
FNDA:1,(anonymous_1)
FNDA:2,(anonymous_2)
FNDA:0,(anonymous_3)
FNDA:0,(anonymous_4)
FNDA:2,(anonymous_5)
FNDA:2,(anonymous_6)
DA:1,1
DA:3,1
DA:4,1
DA:5,1
DA:6,1
DA:7,1
DA:8,1
DA:9,1
DA:16,1
DA:25,1
DA:34,1
DA:48,1
DA:56,1
DA:62,7
DA:64,7
DA:65,7
DA:66,7
DA:67,7
DA:68,7
DA:69,7
DA:72,7
DA:73,1
DA:74,1
DA:75,1
DA:77,0
DA:82,7
DA:83,2
DA:84,2
DA:85,1
DA:86,1
DA:88,1
DA:93,7
DA:94,0
DA:95,0
DA:96,0
DA:98,0
DA:103,7
DA:104,0
DA:105,0
DA:106,0
DA:107,0
DA:109,0
DA:114,7
DA:115,2
DA:116,2
DA:119,1
DA:120,1
DA:122,1
DA:127,7
DA:128,2
DA:129,2
DA:130,1
DA:132,1
DA:136,7
LF:54
LH:44
BRF:0
BRH:0
end_of_record
TN:
SF:src\interfaces\http\routes\products.routes.ts
FN:7,createProductRoutes
FN:13,(anonymous_1)
FN:23,(anonymous_2)
FNF:3
FNH:3
FNDA:5,createProductRoutes
FNDA:3,(anonymous_1)
FNDA:2,(anonymous_2)
DA:1,1
DA:3,1
DA:4,1
DA:7,1
DA:8,5
DA:9,5
DA:10,5
DA:13,5
DA:14,3
DA:15,3
DA:16,2
DA:18,1
DA:23,5
DA:24,2
DA:25,2
DA:26,1
DA:28,1
DA:32,5
LF:18
LH:18
BRF:0
BRH:0
end_of_record
TN:
SF:src\shared\config\env.ts
FNF:0
FNH:0
DA:1,26
DA:2,26
DA:4,26
DA:30,26
DA:32,26
DA:33,0
DA:34,0
DA:37,26
LF:8
LH:6
BRDA:32,0,0,0
BRDA:32,0,1,26
BRF:2
BRH:1
end_of_record
TN:
SF:src\shared\errors\AppError.ts
FN:5,(anonymous_0)
FN:13,(anonymous_1)
FN:17,(anonymous_2)
FN:21,(anonymous_3)
FN:25,(anonymous_4)
FN:29,(anonymous_5)
FNF:6
FNH:5
FNDA:20,(anonymous_0)
FNDA:12,(anonymous_1)
FNDA:4,(anonymous_2)
FNDA:2,(anonymous_3)
FNDA:0,(anonymous_4)
FNDA:2,(anonymous_5)
DA:1,11
DA:6,20
DA:7,20
DA:8,20
DA:9,20
DA:10,20
DA:14,12
DA:18,4
DA:22,2
DA:26,0
DA:30,2
LF:11
LH:10
BRDA:5,0,0,0
BRDA:5,1,0,18
BRDA:29,2,0,0
BRF:3
BRH:1
end_of_record
TN:
SF:src\shared\utils\integrity.ts
FN:7,generateWompiSignature
FNF:1
FNH:1
FNDA:5,generateWompiSignature
DA:1,1
DA:7,1
DA:13,5
DA:14,5
LF:4
LH:4
BRF:0
BRH:0
end_of_record
